0 info it worked if it ends with ok
1 verbose cli [ 'node', '/usr/local/bin/npm', 'init' ]
2 info using npm@1.1.59
3 info using node@v0.8.8
4 verbose read json /Users/Robert/Code/property.js/package.json
5 warn package.json property.js@0.0.0 No README.md file found!
6 silly package data undefined
7 info init written successfully
8 error Error: invalid version: 0.1
8 error     at validVersion (/usr/local/lib/node_modules/npm/node_modules/read-package-json/read-json.js:522:40)
8 error     at final (/usr/local/lib/node_modules/npm/node_modules/read-package-json/read-json.js:289:23)
8 error     at /usr/local/lib/node_modules/npm/node_modules/read-package-json/read-json.js:119:33
8 error     at cb (/usr/local/lib/node_modules/npm/node_modules/slide/lib/async-map.js:48:11)
8 error     at serverjs_ (/usr/local/lib/node_modules/npm/node_modules/read-package-json/read-json.js:173:43)
8 error     at /usr/local/lib/node_modules/npm/node_modules/read-package-json/read-json.js:169:33
8 error     at Glob.<anonymous> (/usr/local/lib/node_modules/npm/node_modules/glob/glob.js:91:7)
8 error     at Glob.EventEmitter.emit (events.js:88:17)
8 error     at Glob._processEmitQueue (/usr/local/lib/node_modules/npm/node_modules/glob/glob.js:270:10)
8 error     at Glob.emitMatch (/usr/local/lib/node_modules/npm/node_modules/glob/glob.js:255:8)
9 error If you need help, you may report this log at:
9 error     <http://github.com/isaacs/npm/issues>
9 error or email it to:
9 error     <npm-@googlegroups.com>
10 error System Darwin 12.4.0
11 error command "node" "/usr/local/bin/npm" "init"
12 error cwd /Users/Robert/Code/property.js
13 error node -v v0.8.8
14 error npm -v 1.1.59
15 verbose exit [ 1, true ]
